[debug] [2022-06-15T11:41:26.526Z] ----------------------------------------------------------------------
[debug] [2022-06-15T11:41:26.528Z] Command:       /home/danijela/.nvm/versions/node/v14.18.0/bin/node /home/danijela/.nvm/versions/node/v14.18.0/bin/firebase init
[debug] [2022-06-15T11:41:26.529Z] CLI Version:   10.0.1
[debug] [2022-06-15T11:41:26.529Z] Platform:      linux
[debug] [2022-06-15T11:41:26.529Z] Node Version:  v14.18.0
[debug] [2022-06-15T11:41:26.530Z] Time:          Wed Jun 15 2022 13:41:26 GMT+0200 (Central European Summer Time)
[debug] [2022-06-15T11:41:26.530Z] ----------------------------------------------------------------------
[debug] 
[debug] [2022-06-15T11:41:26.537Z] > command requires scopes: ["email","openid","https://www.googleapis.com/auth/cloudplatformprojects.readonly","https://www.googleapis.com/auth/firebase","https://www.googleapis.com/auth/cloud-platform"]
[debug] [2022-06-15T11:41:26.537Z] > authorizing via signed-in user (danijelacuk0@gmail.com)
[info] 
     ######## #### ########  ######## ########     ###     ######  ########
     ##        ##  ##     ## ##       ##     ##  ##   ##  ##       ##
     ######    ##  ########  ######   ########  #########  ######  ######
     ##        ##  ##    ##  ##       ##     ## ##     ##       ## ##
     ##       #### ##     ## ######## ########  ##     ##  ######  ########

You're about to initialize a Firebase project in this directory:

  /home/danijela/Documents/random-quote-machine

[info] 
=== Project Setup
[info] 
[info] First, let's associate this project directory with a Firebase project.
[info] You can create multiple project aliases by running firebase use --add, 
[info] but for now we'll just set up a default project.
[info] 
[debug] [2022-06-15T11:41:38.413Z] > refreshing access token with scopes: []
[debug] [2022-06-15T11:41:38.414Z] >>> HTTP REQUEST POST https://www.googleapis.com/oauth2/v3/token  
 <request body omitted>
[debug] [2022-06-15T11:41:38.684Z] <<< HTTP RESPONSE 400 {"date":"Wed, 15 Jun 2022 11:41:38 GMT","cache-control":"no-cache, no-store, max-age=0, must-revalidate","expires":"Mon, 01 Jan 1990 00:00:00 GMT","pragma":"no-cache","content-type":"application/json; charset=utf-8","vary":"X-Origin, Referer, Origin,Accept-Encoding","server":"scaffolding on HTTPServer2","x-xss-protection":"0","x-frame-options":"SAMEORIGIN","x-content-type-options":"nosniff","alt-svc":"h3=\":443\"; ma=2592000,h3-29=\":443\"; ma=2592000,h3-Q050=\":443\"; ma=2592000,h3-Q046=\":443\"; ma=2592000,h3-Q043=\":443\"; ma=2592000,quic=\":443\"; ma=2592000; v=\"46,43\"","accept-ranges":"none","transfer-encoding":"chunked"}
[debug] [2022-06-15T11:41:38.688Z] >>> [apiv2][query] GET https://firebase.googleapis.com/v1beta1/availableProjects pageSize=100
[debug] [2022-06-15T11:41:38.948Z] <<< [apiv2][status] GET https://firebase.googleapis.com/v1beta1/availableProjects 401
[debug] [2022-06-15T11:41:38.948Z] <<< [apiv2][body] GET https://firebase.googleapis.com/v1beta1/availableProjects [omitted]
[debug] [2022-06-15T11:41:38.949Z] HTTP Error: 401, Request had invalid authentication credentials. Expected OAuth 2 access token, login cookie or other valid authentication credential. See https://developers.google.com/identity/sign-in/web/devconsole-project.
[debug] [2022-06-15T11:41:39.146Z] FirebaseError: HTTP Error: 401, Request had invalid authentication credentials. Expected OAuth 2 access token, login cookie or other valid authentication credential. See https://developers.google.com/identity/sign-in/web/devconsole-project.
    at module.exports (/home/danijela/.nvm/versions/node/v14.18.0/lib/node_modules/firebase-tools/lib/responseToError.js:38:12)
    at Client.doRequest (/home/danijela/.nvm/versions/node/v14.18.0/lib/node_modules/firebase-tools/lib/apiv2.js:241:23)
    at processTicksAndRejections (internal/process/task_queues.js:95:5)
    at async Client.request (/home/danijela/.nvm/versions/node/v14.18.0/lib/node_modules/firebase-tools/lib/apiv2.js:96:20)
    at async getProjectPage (/home/danijela/.nvm/versions/node/v14.18.0/lib/node_modules/firebase-tools/lib/management/projects.js:233:17)
    at async getAvailableCloudProjectPage (/home/danijela/.nvm/versions/node/v14.18.0/lib/node_modules/firebase-tools/lib/management/projects.js:265:16)
    at async Object.promptAvailableProjectId (/home/danijela/.nvm/versions/node/v14.18.0/lib/node_modules/firebase-tools/lib/management/projects.js:143:41)
    at async promptAndAddFirebaseToCloudProject (/home/danijela/.nvm/versions/node/v14.18.0/lib/node_modules/firebase-tools/lib/init/features/project.js:37:23)
    at async Object.doSetup [as project] (/home/danijela/.nvm/versions/node/v14.18.0/lib/node_modules/firebase-tools/lib/init/features/project.js:88:27)
    at async init (/home/danijela/.nvm/versions/node/v14.18.0/lib/node_modules/firebase-tools/lib/init/index.js:19:9)
[error] 
[error] Error: Failed to list available Google Cloud Platform projects. See firebase-debug.log for more info.
[debug] [2022-06-15T11:41:45.429Z] ----------------------------------------------------------------------
[debug] [2022-06-15T11:41:45.432Z] Command:       /home/danijela/.nvm/versions/node/v14.18.0/bin/node /home/danijela/.nvm/versions/node/v14.18.0/bin/firebase init
[debug] [2022-06-15T11:41:45.433Z] CLI Version:   10.0.1
[debug] [2022-06-15T11:41:45.433Z] Platform:      linux
[debug] [2022-06-15T11:41:45.433Z] Node Version:  v14.18.0
[debug] [2022-06-15T11:41:45.434Z] Time:          Wed Jun 15 2022 13:41:45 GMT+0200 (Central European Summer Time)
[debug] [2022-06-15T11:41:45.434Z] ----------------------------------------------------------------------
[debug] 
[debug] [2022-06-15T11:41:45.440Z] > command requires scopes: ["email","openid","https://www.googleapis.com/auth/cloudplatformprojects.readonly","https://www.googleapis.com/auth/firebase","https://www.googleapis.com/auth/cloud-platform"]
[debug] [2022-06-15T11:41:45.441Z] > authorizing via signed-in user (danijelacuk0@gmail.com)
[info] 
     ######## #### ########  ######## ########     ###     ######  ########
     ##        ##  ##     ## ##       ##     ##  ##   ##  ##       ##
     ######    ##  ########  ######   ########  #########  ######  ######
     ##        ##  ##    ##  ##       ##     ## ##     ##       ## ##
     ##       #### ##     ## ######## ########  ##     ##  ######  ########

You're about to initialize a Firebase project in this directory:

  /home/danijela/Documents/random-quote-machine

[info] 
=== Project Setup
[info] 
[info] First, let's associate this project directory with a Firebase project.
[info] You can create multiple project aliases by running firebase use --add, 
[info] but for now we'll just set up a default project.
[info] 
[debug] [2022-06-15T11:41:49.185Z] > refreshing access token with scopes: []
[debug] [2022-06-15T11:41:49.186Z] >>> HTTP REQUEST POST https://www.googleapis.com/oauth2/v3/token  
 <request body omitted>
[debug] [2022-06-15T11:41:49.942Z] <<< HTTP RESPONSE 400 {"pragma":"no-cache","expires":"Mon, 01 Jan 1990 00:00:00 GMT","cache-control":"no-cache, no-store, max-age=0, must-revalidate","date":"Wed, 15 Jun 2022 11:41:49 GMT","content-type":"application/json; charset=utf-8","vary":"X-Origin, Referer, Origin,Accept-Encoding","server":"scaffolding on HTTPServer2","x-xss-protection":"0","x-frame-options":"SAMEORIGIN","x-content-type-options":"nosniff","alt-svc":"h3=\":443\"; ma=2592000,h3-29=\":443\"; ma=2592000,h3-Q050=\":443\"; ma=2592000,h3-Q046=\":443\"; ma=2592000,h3-Q043=\":443\"; ma=2592000,quic=\":443\"; ma=2592000; v=\"46,43\"","accept-ranges":"none","transfer-encoding":"chunked"}
[debug] [2022-06-15T11:41:49.946Z] >>> [apiv2][query] GET https://firebase.googleapis.com/v1beta1/projects pageSize=100
[debug] [2022-06-15T11:41:51.295Z] <<< [apiv2][status] GET https://firebase.googleapis.com/v1beta1/projects 401
[debug] [2022-06-15T11:41:51.295Z] <<< [apiv2][body] GET https://firebase.googleapis.com/v1beta1/projects [omitted]
[debug] [2022-06-15T11:41:51.296Z] HTTP Error: 401, Request had invalid authentication credentials. Expected OAuth 2 access token, login cookie or other valid authentication credential. See https://developers.google.com/identity/sign-in/web/devconsole-project.
[debug] [2022-06-15T11:41:51.578Z] FirebaseError: HTTP Error: 401, Request had invalid authentication credentials. Expected OAuth 2 access token, login cookie or other valid authentication credential. See https://developers.google.com/identity/sign-in/web/devconsole-project.
    at module.exports (/home/danijela/.nvm/versions/node/v14.18.0/lib/node_modules/firebase-tools/lib/responseToError.js:38:12)
    at Client.doRequest (/home/danijela/.nvm/versions/node/v14.18.0/lib/node_modules/firebase-tools/lib/apiv2.js:241:23)
    at processTicksAndRejections (internal/process/task_queues.js:95:5)
    at async Client.request (/home/danijela/.nvm/versions/node/v14.18.0/lib/node_modules/firebase-tools/lib/apiv2.js:96:20)
    at async getProjectPage (/home/danijela/.nvm/versions/node/v14.18.0/lib/node_modules/firebase-tools/lib/management/projects.js:233:17)
    at async getFirebaseProjectPage (/home/danijela/.nvm/versions/node/v14.18.0/lib/node_modules/firebase-tools/lib/management/projects.js:250:23)
    at async selectProjectInteractively (/home/danijela/.nvm/versions/node/v14.18.0/lib/node_modules/firebase-tools/lib/management/projects.js:95:41)
    at async Object.doSetup [as project] (/home/danijela/.nvm/versions/node/v14.18.0/lib/node_modules/firebase-tools/lib/init/features/project.js:88:27)
    at async init (/home/danijela/.nvm/versions/node/v14.18.0/lib/node_modules/firebase-tools/lib/init/index.js:19:9)
[error] 
[error] Error: Failed to list Firebase projects. See firebase-debug.log for more info.
[debug] [2022-06-15T11:44:02.052Z] ----------------------------------------------------------------------
[debug] [2022-06-15T11:44:02.055Z] Command:       /home/danijela/.nvm/versions/node/v14.18.0/bin/node /home/danijela/.nvm/versions/node/v14.18.0/bin/firebase init
[debug] [2022-06-15T11:44:02.055Z] CLI Version:   10.0.1
[debug] [2022-06-15T11:44:02.055Z] Platform:      linux
[debug] [2022-06-15T11:44:02.056Z] Node Version:  v14.18.0
[debug] [2022-06-15T11:44:02.056Z] Time:          Wed Jun 15 2022 13:44:02 GMT+0200 (Central European Summer Time)
[debug] [2022-06-15T11:44:02.056Z] ----------------------------------------------------------------------
[debug] 
[debug] [2022-06-15T11:44:02.063Z] > command requires scopes: ["email","openid","https://www.googleapis.com/auth/cloudplatformprojects.readonly","https://www.googleapis.com/auth/firebase","https://www.googleapis.com/auth/cloud-platform"]
[debug] [2022-06-15T11:44:02.064Z] > authorizing via signed-in user (danijelacuk0@gmail.com)
[info] 
     ######## #### ########  ######## ########     ###     ######  ########
     ##        ##  ##     ## ##       ##     ##  ##   ##  ##       ##
     ######    ##  ########  ######   ########  #########  ######  ######
     ##        ##  ##    ##  ##       ##     ## ##     ##       ## ##
     ##       #### ##     ## ######## ########  ##     ##  ######  ########

You're about to initialize a Firebase project in this directory:

  /home/danijela/Documents/random-quote-machine

[info] 
=== Project Setup
[info] 
[info] First, let's associate this project directory with a Firebase project.
[info] You can create multiple project aliases by running firebase use --add, 
[info] but for now we'll just set up a default project.
[info] 
[debug] [2022-06-15T11:44:06.725Z] > refreshing access token with scopes: []
[debug] [2022-06-15T11:44:06.725Z] >>> HTTP REQUEST POST https://www.googleapis.com/oauth2/v3/token  
 <request body omitted>
[debug] [2022-06-15T11:44:07.037Z] <<< HTTP RESPONSE 400 {"date":"Wed, 15 Jun 2022 11:44:07 GMT","cache-control":"no-cache, no-store, max-age=0, must-revalidate","expires":"Mon, 01 Jan 1990 00:00:00 GMT","pragma":"no-cache","content-type":"application/json; charset=utf-8","vary":"X-Origin, Referer, Origin,Accept-Encoding","server":"scaffolding on HTTPServer2","x-xss-protection":"0","x-frame-options":"SAMEORIGIN","x-content-type-options":"nosniff","alt-svc":"h3=\":443\"; ma=2592000,h3-29=\":443\"; ma=2592000,h3-Q050=\":443\"; ma=2592000,h3-Q046=\":443\"; ma=2592000,h3-Q043=\":443\"; ma=2592000,quic=\":443\"; ma=2592000; v=\"46,43\"","accept-ranges":"none","transfer-encoding":"chunked"}
[debug] [2022-06-15T11:44:07.042Z] >>> [apiv2][query] GET https://firebase.googleapis.com/v1beta1/projects pageSize=100
[debug] [2022-06-15T11:44:07.381Z] <<< [apiv2][status] GET https://firebase.googleapis.com/v1beta1/projects 401
[debug] [2022-06-15T11:44:07.381Z] <<< [apiv2][body] GET https://firebase.googleapis.com/v1beta1/projects [omitted]
[debug] [2022-06-15T11:44:07.382Z] HTTP Error: 401, Request had invalid authentication credentials. Expected OAuth 2 access token, login cookie or other valid authentication credential. See https://developers.google.com/identity/sign-in/web/devconsole-project.
[debug] [2022-06-15T11:44:07.689Z] FirebaseError: HTTP Error: 401, Request had invalid authentication credentials. Expected OAuth 2 access token, login cookie or other valid authentication credential. See https://developers.google.com/identity/sign-in/web/devconsole-project.
    at module.exports (/home/danijela/.nvm/versions/node/v14.18.0/lib/node_modules/firebase-tools/lib/responseToError.js:38:12)
    at Client.doRequest (/home/danijela/.nvm/versions/node/v14.18.0/lib/node_modules/firebase-tools/lib/apiv2.js:241:23)
    at processTicksAndRejections (internal/process/task_queues.js:95:5)
    at async Client.request (/home/danijela/.nvm/versions/node/v14.18.0/lib/node_modules/firebase-tools/lib/apiv2.js:96:20)
    at async getProjectPage (/home/danijela/.nvm/versions/node/v14.18.0/lib/node_modules/firebase-tools/lib/management/projects.js:233:17)
    at async getFirebaseProjectPage (/home/danijela/.nvm/versions/node/v14.18.0/lib/node_modules/firebase-tools/lib/management/projects.js:250:23)
    at async selectProjectInteractively (/home/danijela/.nvm/versions/node/v14.18.0/lib/node_modules/firebase-tools/lib/management/projects.js:95:41)
    at async Object.doSetup [as project] (/home/danijela/.nvm/versions/node/v14.18.0/lib/node_modules/firebase-tools/lib/init/features/project.js:88:27)
    at async init (/home/danijela/.nvm/versions/node/v14.18.0/lib/node_modules/firebase-tools/lib/init/index.js:19:9)
[error] 
[error] Error: Failed to list Firebase projects. See firebase-debug.log for more info.
